<?xml version="1.0" encoding="utf-8"?><testsuites name="pytest tests"><testsuite name="pytest" errors="0" failures="0" skipped="1" tests="7" time="3.994" timestamp="2026-04-13T11:08:38.414280+00:00" hostname="agent-env-0e90211f-03f1-4b81-97e3-9848f4e0a11d"><testcase classname="tests.test_audio_analysis.TestAudioAnalysis" name="test_analyze_audio_file_upload" time="2.767" /><testcase classname="tests.test_audio_analysis.TestAudioAnalysis" name="test_analyze_recording_endpoint" time="0.395" /><testcase classname="tests.test_audio_analysis.TestAudioAnalysis" name="test_analyze_unsupported_format" time="0.101" /><testcase classname="tests.test_audio_analysis.TestAudioAnalysis" name="test_analyze_file_too_large" time="0.000"><skipped type="pytest.skip" message="File size test requires large file creation">/app/backend/tests/test_audio_analysis.py:133: File size test requires large file creation</skipped></testcase><testcase classname="tests.test_audio_analysis.TestAudioAnalysis" name="test_analyze_recording_too_short" time="0.091" /><testcase classname="tests.test_audio_analysis.TestAudioAnalysis" name="test_analyze_empty_file" time="0.089" /><testcase classname="tests.test_audio_analysis.TestAudioAnalysis" name="test_camelot_code_mapping" time="0.517" /></testsuite></testsuites>